{"/home/uliba3/repos/FullStackOpen-exercises/part5/bloglist-frontend/src/App.jsx": {"path":"/home/uliba3/repos/FullStackOpen-exercises/part5/bloglist-frontend/src/App.jsx","statementMap":{"0":{"start":{"line":9,"column":12},"end":{"line":169,"column":1}},"1":{"start":{"line":10,"column":28},"end":{"line":10,"column":40}},"2":{"start":{"line":11,"column":34},"end":{"line":11,"column":46}},"3":{"start":{"line":12,"column":34},"end":{"line":12,"column":46}},"4":{"start":{"line":13,"column":26},"end":{"line":13,"column":40}},"5":{"start":{"line":14,"column":46},"end":{"line":14,"column":58}},"6":{"start":{"line":15,"column":42},"end":{"line":15,"column":54}},"7":{"start":{"line":16,"column":42},"end":{"line":16,"column":57}},"8":{"start":{"line":18,"column":22},"end":{"line":18,"column":30}},"9":{"start":{"line":20,"column":2},"end":{"line":29,"column":8}},"10":{"start":{"line":21,"column":4},"end":{"line":21,"column":17}},"11":{"start":{"line":23,"column":27},"end":{"line":23,"column":75}},"12":{"start":{"line":24,"column":4},"end":{"line":28,"column":5}},"13":{"start":{"line":25,"column":19},"end":{"line":25,"column":45}},"14":{"start":{"line":26,"column":6},"end":{"line":26,"column":19}},"15":{"start":{"line":27,"column":6},"end":{"line":27,"column":38}},"16":{"start":{"line":31,"column":22},"end":{"line":34,"column":3}},"17":{"start":{"line":32,"column":18},"end":{"line":32,"column":44}},"18":{"start":{"line":33,"column":4},"end":{"line":33,"column":63}},"19":{"start":{"line":33,"column":34},"end":{"line":33,"column":51}},"20":{"start":{"line":36,"column":18},"end":{"line":57,"column":3}},"21":{"start":{"line":37,"column":4},"end":{"line":37,"column":42}},"22":{"start":{"line":38,"column":4},"end":{"line":56,"column":8}},"23":{"start":{"line":41,"column":8},"end":{"line":41,"column":44}},"24":{"start":{"line":42,"column":8},"end":{"line":44,"column":9}},"25":{"start":{"line":45,"column":8},"end":{"line":47,"column":16}},"26":{"start":{"line":46,"column":10},"end":{"line":46,"column":31}},"27":{"start":{"line":50,"column":8},"end":{"line":52,"column":9}},"28":{"start":{"line":53,"column":8},"end":{"line":55,"column":16}},"29":{"start":{"line":54,"column":10},"end":{"line":54,"column":29}},"30":{"start":{"line":59,"column":21},"end":{"line":80,"column":3}},"31":{"start":{"line":60,"column":4},"end":{"line":79,"column":5}},"32":{"start":{"line":61,"column":26},"end":{"line":62,"column":27}},"33":{"start":{"line":63,"column":6},"end":{"line":63,"column":81}},"34":{"start":{"line":63,"column":33},"end":{"line":63,"column":79}},"35":{"start":{"line":64,"column":6},"end":{"line":66,"column":7}},"36":{"start":{"line":67,"column":6},"end":{"line":67,"column":27}},"37":{"start":{"line":68,"column":6},"end":{"line":70,"column":14}},"38":{"start":{"line":69,"column":8},"end":{"line":69,"column":31}},"39":{"start":{"line":72,"column":6},"end":{"line":74,"column":7}},"40":{"start":{"line":75,"column":6},"end":{"line":75,"column":29}},"41":{"start":{"line":76,"column":6},"end":{"line":78,"column":14}},"42":{"start":{"line":77,"column":8},"end":{"line":77,"column":31}},"43":{"start":{"line":82,"column":21},"end":{"line":103,"column":3}},"44":{"start":{"line":83,"column":4},"end":{"line":102,"column":5}},"45":{"start":{"line":84,"column":26},"end":{"line":85,"column":26}},"46":{"start":{"line":86,"column":6},"end":{"line":86,"column":63}},"47":{"start":{"line":86,"column":36},"end":{"line":86,"column":61}},"48":{"start":{"line":87,"column":6},"end":{"line":89,"column":7}},"49":{"start":{"line":90,"column":6},"end":{"line":90,"column":27}},"50":{"start":{"line":91,"column":6},"end":{"line":93,"column":14}},"51":{"start":{"line":92,"column":8},"end":{"line":92,"column":31}},"52":{"start":{"line":95,"column":6},"end":{"line":97,"column":7}},"53":{"start":{"line":98,"column":6},"end":{"line":98,"column":29}},"54":{"start":{"line":99,"column":6},"end":{"line":101,"column":14}},"55":{"start":{"line":100,"column":8},"end":{"line":100,"column":31}},"56":{"start":{"line":105,"column":22},"end":{"line":125,"column":3}},"57":{"start":{"line":106,"column":4},"end":{"line":106,"column":26}},"58":{"start":{"line":108,"column":4},"end":{"line":124,"column":5}},"59":{"start":{"line":109,"column":19},"end":{"line":111,"column":8}},"60":{"start":{"line":112,"column":6},"end":{"line":114,"column":7}},"61":{"start":{"line":115,"column":6},"end":{"line":115,"column":38}},"62":{"start":{"line":116,"column":6},"end":{"line":116,"column":19}},"63":{"start":{"line":117,"column":6},"end":{"line":117,"column":21}},"64":{"start":{"line":118,"column":6},"end":{"line":118,"column":21}},"65":{"start":{"line":120,"column":6},"end":{"line":120,"column":51}},"66":{"start":{"line":121,"column":6},"end":{"line":123,"column":14}},"67":{"start":{"line":122,"column":8},"end":{"line":122,"column":29}},"68":{"start":{"line":127,"column":17},"end":{"line":130,"column":3}},"69":{"start":{"line":128,"column":4},"end":{"line":128,"column":31}},"70":{"start":{"line":129,"column":4},"end":{"line":129,"column":17}},"71":{"start":{"line":132,"column":20},"end":{"line":142,"column":3}},"72":{"start":{"line":133,"column":4},"end":{"line":141,"column":16}},"73":{"start":{"line":136,"column":43},"end":{"line":136,"column":68}},"74":{"start":{"line":138,"column":43},"end":{"line":138,"column":68}},"75":{"start":{"line":144,"column":19},"end":{"line":150,"column":3}},"76":{"start":{"line":145,"column":4},"end":{"line":149,"column":16}},"77":{"start":{"line":152,"column":2},"end":{"line":168,"column":3}},"78":{"start":{"line":162,"column":10},"end":{"line":162,"column":103}}},"fnMap":{"0":{"name":"(anonymous_0)","decl":{"start":{"line":9,"column":12},"end":{"line":9,"column":13}},"loc":{"start":{"line":9,"column":18},"end":{"line":169,"column":1}},"line":9},"1":{"name":"(anonymous_1)","decl":{"start":{"line":20,"column":12},"end":{"line":20,"column":13}},"loc":{"start":{"line":20,"column":18},"end":{"line":29,"column":3}},"line":20},"2":{"name":"(anonymous_2)","decl":{"start":{"line":31,"column":22},"end":{"line":31,"column":23}},"loc":{"start":{"line":31,"column":34},"end":{"line":34,"column":3}},"line":31},"3":{"name":"(anonymous_3)","decl":{"start":{"line":33,"column":24},"end":{"line":33,"column":25}},"loc":{"start":{"line":33,"column":34},"end":{"line":33,"column":51}},"line":33},"4":{"name":"(anonymous_4)","decl":{"start":{"line":36,"column":18},"end":{"line":36,"column":19}},"loc":{"start":{"line":36,"column":34},"end":{"line":57,"column":3}},"line":36},"5":{"name":"(anonymous_5)","decl":{"start":{"line":40,"column":12},"end":{"line":40,"column":13}},"loc":{"start":{"line":40,"column":28},"end":{"line":48,"column":7}},"line":40},"6":{"name":"(anonymous_6)","decl":{"start":{"line":45,"column":19},"end":{"line":45,"column":20}},"loc":{"start":{"line":45,"column":25},"end":{"line":47,"column":9}},"line":45},"7":{"name":"(anonymous_7)","decl":{"start":{"line":49,"column":13},"end":{"line":49,"column":14}},"loc":{"start":{"line":49,"column":22},"end":{"line":56,"column":7}},"line":49},"8":{"name":"(anonymous_8)","decl":{"start":{"line":53,"column":19},"end":{"line":53,"column":20}},"loc":{"start":{"line":53,"column":25},"end":{"line":55,"column":9}},"line":53},"9":{"name":"(anonymous_9)","decl":{"start":{"line":59,"column":21},"end":{"line":59,"column":22}},"loc":{"start":{"line":59,"column":43},"end":{"line":80,"column":3}},"line":59},"10":{"name":"(anonymous_10)","decl":{"start":{"line":63,"column":25},"end":{"line":63,"column":26}},"loc":{"start":{"line":63,"column":33},"end":{"line":63,"column":79}},"line":63},"11":{"name":"(anonymous_11)","decl":{"start":{"line":68,"column":17},"end":{"line":68,"column":18}},"loc":{"start":{"line":68,"column":23},"end":{"line":70,"column":7}},"line":68},"12":{"name":"(anonymous_12)","decl":{"start":{"line":76,"column":17},"end":{"line":76,"column":18}},"loc":{"start":{"line":76,"column":23},"end":{"line":78,"column":7}},"line":76},"13":{"name":"(anonymous_13)","decl":{"start":{"line":82,"column":21},"end":{"line":82,"column":22}},"loc":{"start":{"line":82,"column":43},"end":{"line":103,"column":3}},"line":82},"14":{"name":"(anonymous_14)","decl":{"start":{"line":86,"column":28},"end":{"line":86,"column":29}},"loc":{"start":{"line":86,"column":36},"end":{"line":86,"column":61}},"line":86},"15":{"name":"(anonymous_15)","decl":{"start":{"line":91,"column":17},"end":{"line":91,"column":18}},"loc":{"start":{"line":91,"column":23},"end":{"line":93,"column":7}},"line":91},"16":{"name":"(anonymous_16)","decl":{"start":{"line":99,"column":17},"end":{"line":99,"column":18}},"loc":{"start":{"line":99,"column":23},"end":{"line":101,"column":7}},"line":99},"17":{"name":"(anonymous_17)","decl":{"start":{"line":105,"column":22},"end":{"line":105,"column":23}},"loc":{"start":{"line":105,"column":39},"end":{"line":125,"column":3}},"line":105},"18":{"name":"(anonymous_18)","decl":{"start":{"line":121,"column":17},"end":{"line":121,"column":18}},"loc":{"start":{"line":121,"column":23},"end":{"line":123,"column":7}},"line":121},"19":{"name":"(anonymous_19)","decl":{"start":{"line":127,"column":17},"end":{"line":127,"column":18}},"loc":{"start":{"line":127,"column":23},"end":{"line":130,"column":3}},"line":127},"20":{"name":"(anonymous_20)","decl":{"start":{"line":132,"column":20},"end":{"line":132,"column":21}},"loc":{"start":{"line":133,"column":4},"end":{"line":141,"column":16}},"line":133},"21":{"name":"(anonymous_21)","decl":{"start":{"line":136,"column":27},"end":{"line":136,"column":28}},"loc":{"start":{"line":136,"column":43},"end":{"line":136,"column":68}},"line":136},"22":{"name":"(anonymous_22)","decl":{"start":{"line":138,"column":27},"end":{"line":138,"column":28}},"loc":{"start":{"line":138,"column":43},"end":{"line":138,"column":68}},"line":138},"23":{"name":"(anonymous_23)","decl":{"start":{"line":144,"column":19},"end":{"line":144,"column":20}},"loc":{"start":{"line":145,"column":4},"end":{"line":149,"column":16}},"line":145},"24":{"name":"(anonymous_24)","decl":{"start":{"line":161,"column":19},"end":{"line":161,"column":20}},"loc":{"start":{"line":162,"column":10},"end":{"line":162,"column":103}},"line":162}},"branchMap":{"0":{"loc":{"start":{"line":24,"column":4},"end":{"line":28,"column":5}},"type":"if","locations":[{"start":{"line":24,"column":4},"end":{"line":28,"column":5}},{"start":{},"end":{}}],"line":24},"1":{"loc":{"start":{"line":63,"column":33},"end":{"line":63,"column":79}},"type":"cond-expr","locations":[{"start":{"line":63,"column":61},"end":{"line":63,"column":65}},{"start":{"line":63,"column":68},"end":{"line":63,"column":79}}],"line":63},"2":{"loc":{"start":{"line":156,"column":7},"end":{"line":156,"column":27}},"type":"binary-expr","locations":[{"start":{"line":156,"column":7},"end":{"line":156,"column":12}},{"start":{"line":156,"column":16},"end":{"line":156,"column":27}}],"line":156},"3":{"loc":{"start":{"line":157,"column":7},"end":{"line":164,"column":12}},"type":"binary-expr","locations":[{"start":{"line":157,"column":7},"end":{"line":157,"column":11}},{"start":{"line":157,"column":15},"end":{"line":164,"column":12}}],"line":157}},"s":{"0":0,"1":0,"2":0,"3":0,"4":0,"5":0,"6":0,"7":0,"8":0,"9":0,"10":0,"11":0,"12":0,"13":0,"14":0,"15":0,"16":0,"17":0,"18":0,"19":0,"20":0,"21":0,"22":0,"23":0,"24":0,"25":0,"26":0,"27":0,"28":0,"29":0,"30":0,"31":0,"32":0,"33":0,"34":0,"35":0,"36":0,"37":0,"38":0,"39":0,"40":0,"41":0,"42":0,"43":0,"44":0,"45":0,"46":0,"47":0,"48":0,"49":0,"50":0,"51":0,"52":0,"53":0,"54":0,"55":0,"56":0,"57":0,"58":0,"59":0,"60":0,"61":0,"62":0,"63":0,"64":0,"65":0,"66":0,"67":0,"68":0,"69":0,"70":0,"71":0,"72":0,"73":0,"74":0,"75":0,"76":0,"77":0,"78":0},"f":{"0":0,"1":0,"2":0,"3":0,"4":0,"5":0,"6":0,"7":0,"8":0,"9":0,"10":0,"11":0,"12":0,"13":0,"14":0,"15":0,"16":0,"17":0,"18":0,"19":0,"20":0,"21":0,"22":0,"23":0,"24":0},"b":{"0":[0,0],"1":[0,0],"2":[0,0],"3":[0,0]}}
,"/home/uliba3/repos/FullStackOpen-exercises/part5/bloglist-frontend/src/main.jsx": {"path":"/home/uliba3/repos/FullStackOpen-exercises/part5/bloglist-frontend/src/main.jsx","statementMap":{"0":{"start":{"line":4,"column":0},"end":{"line":4,"column":68}}},"fnMap":{},"branchMap":{},"s":{"0":0},"f":{},"b":{}}
,"/home/uliba3/repos/FullStackOpen-exercises/part5/bloglist-frontend/src/components/Blog.jsx": {"path":"/home/uliba3/repos/FullStackOpen-exercises/part5/bloglist-frontend/src/components/Blog.jsx","statementMap":{"0":{"start":{"line":3,"column":13},"end":{"line":42,"column":4}},"1":{"start":{"line":4,"column":26},"end":{"line":4,"column":41}},"2":{"start":{"line":5,"column":26},"end":{"line":5,"column":57}},"3":{"start":{"line":6,"column":26},"end":{"line":6,"column":57}},"4":{"start":{"line":7,"column":24},"end":{"line":7,"column":121}},"5":{"start":{"line":8,"column":21},"end":{"line":10,"column":3}},"6":{"start":{"line":9,"column":4},"end":{"line":9,"column":18}},"7":{"start":{"line":12,"column":20},"end":{"line":18,"column":3}},"8":{"start":{"line":19,"column":18},"end":{"line":25,"column":3}},"9":{"start":{"line":20,"column":4},"end":{"line":20,"column":26}},"10":{"start":{"line":21,"column":4},"end":{"line":24,"column":6}},"11":{"start":{"line":26,"column":20},"end":{"line":30,"column":3}},"12":{"start":{"line":27,"column":4},"end":{"line":27,"column":26}},"13":{"start":{"line":28,"column":4},"end":{"line":28,"column":51}},"14":{"start":{"line":29,"column":4},"end":{"line":29,"column":20}},"15":{"start":{"line":31,"column":2},"end":{"line":42,"column":3}}},"fnMap":{"0":{"name":"(anonymous_0)","decl":{"start":{"line":3,"column":13},"end":{"line":3,"column":14}},"loc":{"start":{"line":3,"column":57},"end":{"line":42,"column":4}},"line":3},"1":{"name":"(anonymous_1)","decl":{"start":{"line":8,"column":21},"end":{"line":8,"column":22}},"loc":{"start":{"line":8,"column":27},"end":{"line":10,"column":3}},"line":8},"2":{"name":"(anonymous_2)","decl":{"start":{"line":19,"column":18},"end":{"line":19,"column":19}},"loc":{"start":{"line":19,"column":29},"end":{"line":25,"column":3}},"line":19},"3":{"name":"(anonymous_3)","decl":{"start":{"line":26,"column":20},"end":{"line":26,"column":21}},"loc":{"start":{"line":26,"column":31},"end":{"line":30,"column":3}},"line":26}},"branchMap":{"0":{"loc":{"start":{"line":5,"column":37},"end":{"line":5,"column":55}},"type":"cond-expr","locations":[{"start":{"line":5,"column":44},"end":{"line":5,"column":50}},{"start":{"line":5,"column":53},"end":{"line":5,"column":55}}],"line":5},"1":{"loc":{"start":{"line":6,"column":37},"end":{"line":6,"column":55}},"type":"cond-expr","locations":[{"start":{"line":6,"column":44},"end":{"line":6,"column":46}},{"start":{"line":6,"column":49},"end":{"line":6,"column":55}}],"line":6},"2":{"loc":{"start":{"line":7,"column":35},"end":{"line":7,"column":119}},"type":"cond-expr","locations":[{"start":{"line":7,"column":108},"end":{"line":7,"column":110}},{"start":{"line":7,"column":113},"end":{"line":7,"column":119}}],"line":7},"3":{"loc":{"start":{"line":7,"column":35},"end":{"line":7,"column":105}},"type":"binary-expr","locations":[{"start":{"line":7,"column":36},"end":{"line":7,"column":64}},{"start":{"line":7,"column":68},"end":{"line":7,"column":104}}],"line":7}},"s":{"0":1,"1":2,"2":2,"3":2,"4":2,"5":2,"6":0,"7":2,"8":2,"9":1,"10":1,"11":2,"12":0,"13":0,"14":0,"15":2},"f":{"0":2,"1":0,"2":1,"3":0},"b":{"0":[0,2],"1":[0,2],"2":[2,0],"3":[2,0]},"_coverageSchema":"1a1c01bbd47fc00a2c39e90264f33305004495a9","hash":"9a3d826bb43cacb683ed5309a840321db2a20182"}
,"/home/uliba3/repos/FullStackOpen-exercises/part5/bloglist-frontend/src/components/BlogForm.jsx": {"path":"/home/uliba3/repos/FullStackOpen-exercises/part5/bloglist-frontend/src/components/BlogForm.jsx","statementMap":{"0":{"start":{"line":3,"column":17},"end":{"line":47,"column":1}},"1":{"start":{"line":6,"column":34},"end":{"line":6,"column":46}},"2":{"start":{"line":7,"column":36},"end":{"line":7,"column":48}},"3":{"start":{"line":8,"column":30},"end":{"line":8,"column":42}},"4":{"start":{"line":9,"column":18},"end":{"line":20,"column":3}},"5":{"start":{"line":10,"column":4},"end":{"line":10,"column":26}},"6":{"start":{"line":11,"column":4},"end":{"line":16,"column":6}},"7":{"start":{"line":17,"column":4},"end":{"line":17,"column":19}},"8":{"start":{"line":18,"column":4},"end":{"line":18,"column":20}},"9":{"start":{"line":19,"column":4},"end":{"line":19,"column":17}},"10":{"start":{"line":21,"column":2},"end":{"line":46,"column":3}},"11":{"start":{"line":27,"column":29},"end":{"line":27,"column":60}},"12":{"start":{"line":34,"column":29},"end":{"line":34,"column":61}},"13":{"start":{"line":41,"column":29},"end":{"line":41,"column":58}}},"fnMap":{"0":{"name":"(anonymous_0)","decl":{"start":{"line":3,"column":17},"end":{"line":3,"column":18}},"loc":{"start":{"line":5,"column":6},"end":{"line":47,"column":1}},"line":5},"1":{"name":"(anonymous_1)","decl":{"start":{"line":9,"column":18},"end":{"line":9,"column":19}},"loc":{"start":{"line":9,"column":29},"end":{"line":20,"column":3}},"line":9},"2":{"name":"(anonymous_2)","decl":{"start":{"line":27,"column":20},"end":{"line":27,"column":21}},"loc":{"start":{"line":27,"column":29},"end":{"line":27,"column":60}},"line":27},"3":{"name":"(anonymous_3)","decl":{"start":{"line":34,"column":20},"end":{"line":34,"column":21}},"loc":{"start":{"line":34,"column":29},"end":{"line":34,"column":61}},"line":34},"4":{"name":"(anonymous_4)","decl":{"start":{"line":41,"column":20},"end":{"line":41,"column":21}},"loc":{"start":{"line":41,"column":29},"end":{"line":41,"column":58}},"line":41}},"branchMap":{},"s":{"0":1,"1":55,"2":55,"3":55,"4":55,"5":1,"6":1,"7":1,"8":1,"9":1,"10":55,"11":18,"12":19,"13":16},"f":{"0":55,"1":1,"2":18,"3":19,"4":16},"b":{},"_coverageSchema":"1a1c01bbd47fc00a2c39e90264f33305004495a9","hash":"3007c7f1a7a3c37ee7c3df16a85cbb3a4f748767"}
,"/home/uliba3/repos/FullStackOpen-exercises/part5/bloglist-frontend/src/components/LoginForm.jsx": {"path":"/home/uliba3/repos/FullStackOpen-exercises/part5/bloglist-frontend/src/components/LoginForm.jsx","statementMap":{"0":{"start":{"line":3,"column":18},"end":{"line":33,"column":1}},"1":{"start":{"line":10,"column":2},"end":{"line":32,"column":3}},"2":{"start":{"line":35,"column":0},"end":{"line":41,"column":1}}},"fnMap":{"0":{"name":"(anonymous_0)","decl":{"start":{"line":3,"column":18},"end":{"line":3,"column":19}},"loc":{"start":{"line":9,"column":6},"end":{"line":33,"column":1}},"line":9}},"branchMap":{},"s":{"0":0,"1":0,"2":0},"f":{"0":0},"b":{}}
,"/home/uliba3/repos/FullStackOpen-exercises/part5/bloglist-frontend/src/components/Togglable.jsx": {"path":"/home/uliba3/repos/FullStackOpen-exercises/part5/bloglist-frontend/src/components/Togglable.jsx","statementMap":{"0":{"start":{"line":4,"column":18},"end":{"line":31,"column":2}},"1":{"start":{"line":5,"column":32},"end":{"line":5,"column":47}},"2":{"start":{"line":7,"column":26},"end":{"line":7,"column":60}},"3":{"start":{"line":8,"column":26},"end":{"line":8,"column":60}},"4":{"start":{"line":10,"column":27},"end":{"line":12,"column":3}},"5":{"start":{"line":11,"column":4},"end":{"line":11,"column":24}},"6":{"start":{"line":14,"column":2},"end":{"line":18,"column":4}},"7":{"start":{"line":15,"column":4},"end":{"line":17,"column":5}},"8":{"start":{"line":20,"column":2},"end":{"line":30,"column":3}},"9":{"start":{"line":33,"column":0},"end":{"line":33,"column":35}},"10":{"start":{"line":35,"column":0},"end":{"line":37,"column":1}}},"fnMap":{"0":{"name":"(anonymous_0)","decl":{"start":{"line":4,"column":29},"end":{"line":4,"column":30}},"loc":{"start":{"line":4,"column":46},"end":{"line":31,"column":1}},"line":4},"1":{"name":"(anonymous_1)","decl":{"start":{"line":10,"column":27},"end":{"line":10,"column":28}},"loc":{"start":{"line":10,"column":33},"end":{"line":12,"column":3}},"line":10},"2":{"name":"(anonymous_2)","decl":{"start":{"line":14,"column":28},"end":{"line":14,"column":29}},"loc":{"start":{"line":14,"column":34},"end":{"line":18,"column":3}},"line":14}},"branchMap":{"0":{"loc":{"start":{"line":7,"column":37},"end":{"line":7,"column":58}},"type":"cond-expr","locations":[{"start":{"line":7,"column":47},"end":{"line":7,"column":53}},{"start":{"line":7,"column":56},"end":{"line":7,"column":58}}],"line":7},"1":{"loc":{"start":{"line":8,"column":37},"end":{"line":8,"column":58}},"type":"cond-expr","locations":[{"start":{"line":8,"column":47},"end":{"line":8,"column":49}},{"start":{"line":8,"column":52},"end":{"line":8,"column":58}}],"line":8}},"s":{"0":1,"1":7,"2":7,"3":7,"4":7,"5":3,"6":7,"7":0,"8":7,"9":1,"10":1},"f":{"0":7,"1":3,"2":0},"b":{"0":[2,5],"1":[2,5]},"_coverageSchema":"1a1c01bbd47fc00a2c39e90264f33305004495a9","hash":"0e6c22683d9c9bb76408b0025fc2e5fc008b5909"}
,"/home/uliba3/repos/FullStackOpen-exercises/part5/bloglist-frontend/src/services/blogs.js": {"path":"/home/uliba3/repos/FullStackOpen-exercises/part5/bloglist-frontend/src/services/blogs.js","statementMap":{"0":{"start":{"line":2,"column":16},"end":{"line":2,"column":49}},"1":{"start":{"line":4,"column":12},"end":{"line":4,"column":16}},"2":{"start":{"line":6,"column":17},"end":{"line":8,"column":1}},"3":{"start":{"line":7,"column":2},"end":{"line":7,"column":30}},"4":{"start":{"line":10,"column":15},"end":{"line":13,"column":1}},"5":{"start":{"line":11,"column":18},"end":{"line":11,"column":36}},"6":{"start":{"line":12,"column":2},"end":{"line":12,"column":48}},"7":{"start":{"line":12,"column":34},"end":{"line":12,"column":47}},"8":{"start":{"line":15,"column":15},"end":{"line":22,"column":1}},"9":{"start":{"line":16,"column":17},"end":{"line":18,"column":3}},"10":{"start":{"line":20,"column":19},"end":{"line":20,"column":63}},"11":{"start":{"line":21,"column":2},"end":{"line":21,"column":22}},"12":{"start":{"line":24,"column":15},"end":{"line":27,"column":1}},"13":{"start":{"line":25,"column":18},"end":{"line":25,"column":70}},"14":{"start":{"line":26,"column":2},"end":{"line":26,"column":48}},"15":{"start":{"line":26,"column":34},"end":{"line":26,"column":47}},"16":{"start":{"line":29,"column":14},"end":{"line":32,"column":1}},"17":{"start":{"line":30,"column":18},"end":{"line":30,"column":62}},"18":{"start":{"line":31,"column":2},"end":{"line":31,"column":48}},"19":{"start":{"line":31,"column":34},"end":{"line":31,"column":47}}},"fnMap":{"0":{"name":"(anonymous_0)","decl":{"start":{"line":6,"column":17},"end":{"line":6,"column":18}},"loc":{"start":{"line":6,"column":29},"end":{"line":8,"column":1}},"line":6},"1":{"name":"(anonymous_1)","decl":{"start":{"line":10,"column":15},"end":{"line":10,"column":16}},"loc":{"start":{"line":10,"column":21},"end":{"line":13,"column":1}},"line":10},"2":{"name":"(anonymous_2)","decl":{"start":{"line":12,"column":22},"end":{"line":12,"column":23}},"loc":{"start":{"line":12,"column":34},"end":{"line":12,"column":47}},"line":12},"3":{"name":"(anonymous_3)","decl":{"start":{"line":15,"column":15},"end":{"line":15,"column":16}},"loc":{"start":{"line":15,"column":34},"end":{"line":22,"column":1}},"line":15},"4":{"name":"(anonymous_4)","decl":{"start":{"line":24,"column":15},"end":{"line":24,"column":16}},"loc":{"start":{"line":24,"column":30},"end":{"line":27,"column":1}},"line":24},"5":{"name":"(anonymous_5)","decl":{"start":{"line":26,"column":22},"end":{"line":26,"column":23}},"loc":{"start":{"line":26,"column":34},"end":{"line":26,"column":47}},"line":26},"6":{"name":"(anonymous_6)","decl":{"start":{"line":29,"column":14},"end":{"line":29,"column":15}},"loc":{"start":{"line":29,"column":29},"end":{"line":32,"column":1}},"line":29},"7":{"name":"(anonymous_7)","decl":{"start":{"line":31,"column":22},"end":{"line":31,"column":23}},"loc":{"start":{"line":31,"column":34},"end":{"line":31,"column":47}},"line":31}},"branchMap":{},"s":{"0":0,"1":0,"2":0,"3":0,"4":0,"5":0,"6":0,"7":0,"8":0,"9":0,"10":0,"11":0,"12":0,"13":0,"14":0,"15":0,"16":0,"17":0,"18":0,"19":0},"f":{"0":0,"1":0,"2":0,"3":0,"4":0,"5":0,"6":0,"7":0},"b":{}}
,"/home/uliba3/repos/FullStackOpen-exercises/part5/bloglist-frontend/src/services/login.js": {"path":"/home/uliba3/repos/FullStackOpen-exercises/part5/bloglist-frontend/src/services/login.js","statementMap":{"0":{"start":{"line":2,"column":16},"end":{"line":2,"column":49}},"1":{"start":{"line":4,"column":14},"end":{"line":7,"column":1}},"2":{"start":{"line":5,"column":19},"end":{"line":5,"column":57}},"3":{"start":{"line":6,"column":2},"end":{"line":6,"column":22}}},"fnMap":{"0":{"name":"(anonymous_0)","decl":{"start":{"line":4,"column":14},"end":{"line":4,"column":15}},"loc":{"start":{"line":4,"column":35},"end":{"line":7,"column":1}},"line":4}},"branchMap":{},"s":{"0":0,"1":0,"2":0,"3":0},"f":{"0":0},"b":{}}
}
